<?xml version="1.0" encoding="UTF-8"?>
<!-- Generated by org.testng.reporters.JUnitXMLReporter -->
<testsuite hostname="LAPTOP-206J2RRK" ignored="0" name="Default test" tests="3" failures="0" timestamp="23 Dec 2021 02:52:53 GMT" time="18.193" errors="0">
  <testcase name="user_register" time="9.212" classname="basicautomatiolevel.Insurance_SignUpNLogin"/>
  <testcase name="userLogin_valiCredentials" time="3.637" classname="basicautomatiolevel.Insurance_SignUpNLogin"/>
  <testcase name="logout" time="1.578" classname="basicautomatiolevel.Insurance_SignUpNLogin"/>
</testsuite> <!-- Default test -->
